{
  "RSpec": {
    "coverage": {
      "/home/leo/workspace/PROJETOS_CAMPUS_CODE/emprego-ja/app/models/job.rb": [
        1,
        null
      ],
      "/home/leo/workspace/PROJETOS_CAMPUS_CODE/emprego-ja/app/models/application_record.rb": [
        1,
        1,
        null
      ],
      "/home/leo/workspace/PROJETOS_CAMPUS_CODE/emprego-ja/app/controllers/jobs_controller.rb": [
        1,
        1,
        3,
        null,
        null,
        1,
        1,
        null,
        null,
        1,
        1,
        1,
        1,
        null,
        null
      ],
      "/home/leo/workspace/PROJETOS_CAMPUS_CODE/emprego-ja/app/controllers/application_controller.rb": [
        1,
        1,
        null
      ],
      "/home/leo/workspace/PROJETOS_CAMPUS_CODE/emprego-ja/app/controllers/home_controller.rb": [
        1,
        1,
        3,
        null,
        null
      ],
      "/home/leo/workspace/PROJETOS_CAMPUS_CODE/emprego-ja/app/jobs/application_job.rb": [
        0,
        0
      ],
      "/home/leo/workspace/PROJETOS_CAMPUS_CODE/emprego-ja/app/helpers/application_helper.rb": [
        0,
        0
      ],
      "/home/leo/workspace/PROJETOS_CAMPUS_CODE/emprego-ja/app/mailers/application_mailer.rb": [
        0,
        0,
        0,
        0
      ],
      "/home/leo/workspace/PROJETOS_CAMPUS_CODE/emprego-ja/app/channels/application_cable/connection.rb": [
        0,
        0,
        0,
        0
      ],
      "/home/leo/workspace/PROJETOS_CAMPUS_CODE/emprego-ja/app/channels/application_cable/channel.rb": [
        0,
        0,
        0,
        0
      ]
    },
    "timestamp": 1468266192
  }
}
